Clock: clk
Sources: clk 
Generated: no
Virtual: yes
Propagated: no
Period: 25.000000

===========================================================================
report_clock_properties
============================================================================
Clock                   Period          Waveform
----------------------------------------------------
clk                  25.000000    0.000000 12.500000

===========================================================================
report_clock_latency
============================================================================
Clock clk
rise -> rise
    min     max
0.000000 0.000000 source latency
0.550651         network latency _071_/CLK
        0.555257 network latency _073_/CLK
---------------
0.550651 0.555257 latency
        0.004606 skew

fall -> fall
    min     max
0.000000 0.000000 source latency
0.551495         network latency _071_/CLK
        0.555460 network latency _073_/CLK
---------------
0.551495 0.555460 latency
        0.003965 skew



===========================================================================
report_clock_min_period
============================================================================
clk period_min = 5.89 fmax = 169.66
