Clock: clk
Sources: clk 
Generated: no
Virtual: yes
Propagated: no
Period: 25.000000

===========================================================================
report_clock_properties
============================================================================
Clock                   Period          Waveform
----------------------------------------------------
clk                  25.000000    0.000000 12.500000

===========================================================================
report_clock_latency
============================================================================
Clock clk
rise -> rise
    min     max
0.000000 0.000000 source latency
0.323224         network latency _071_/CLK
        0.327351 network latency _073_/CLK
---------------
0.323224 0.327351 latency
        0.004127 skew

fall -> fall
    min     max
0.000000 0.000000 source latency
0.311771         network latency _071_/CLK
        0.315419 network latency _073_/CLK
---------------
0.311771 0.315419 latency
        0.003648 skew



===========================================================================
report_clock_min_period
============================================================================
clk period_min = 2.80 fmax = 356.55
