
===========================================================================
report_checks -unconstrained
===========================================================================
======================= max_ss_100C_1v60 Corner ===================================

Startpoint: rst_n (input port clocked by clk)
Endpoint: _072_ (recovery check against rising-edge clock clk)
Path Group: asynchronous
Path Type: max

Fanout         Cap        Slew       Delay        Time   Description
---------------------------------------------------------------------------------------------
                                  0.000000    0.000000   clock clk (rise edge)
                                  0.000000    0.000000   clock network delay (propagated)
                                  5.000000    5.000000 ^ input external delay
     1    0.002466    0.030046    0.014062    5.014062 ^ rst_n (in)
                                                         rst_n (net)
                      0.030046    0.000000    5.014062 ^ input1/A (sky130_fd_sc_hd__buf_1)
     2    0.018008    0.346796    0.328403    5.342465 ^ input1/X (sky130_fd_sc_hd__buf_1)
                                                         net1 (net)
                      0.346812    0.001965    5.344430 ^ fanout4/A (sky130_fd_sc_hd__clkbuf_4)
    10    0.047652    0.238391    0.494056    5.838486 ^ fanout4/X (sky130_fd_sc_hd__clkbuf_4)
                                                         net4 (net)
                      0.238572    0.005955    5.844441 ^ _072_/RESET_B (sky130_fd_sc_hd__dfrtp_1)
                                              5.844441   data arrival time

                                 25.000000   25.000000   clock clk (rise edge)
                                  0.000000   25.000000   clock source latency
     1    0.017450    0.132496    0.090189   25.090189 ^ clk (in)
                                                         clk (net)
                      0.132538    0.000000   25.090189 ^ clkbuf_0_clk/A (sky130_fd_sc_hd__clkbuf_16)
     2    0.021017    0.068701    0.251239   25.341427 ^ clkbuf_0_clk/X (sky130_fd_sc_hd__clkbuf_16)
                                                         clknet_0_clk (net)
                      0.068723    0.001410   25.342838 ^ clkbuf_1_0__f_clk/A (sky130_fd_sc_hd__clkbuf_16)
     6    0.017249    0.064019    0.216925   25.559763 ^ clkbuf_1_0__f_clk/X (sky130_fd_sc_hd__clkbuf_16)
                                                         clknet_1_0__leaf_clk (net)
                      0.064019    0.000789   25.560553 ^ _072_/CLK (sky130_fd_sc_hd__dfrtp_1)
                                 -0.250000   25.310553   clock uncertainty
                                  0.000000   25.310553   clock reconvergence pessimism
                                  0.398120   25.708672   library recovery time
                                             25.708672   data required time
---------------------------------------------------------------------------------------------
                                             25.708672   data required time
                                             -5.844441   data arrival time
---------------------------------------------------------------------------------------------
                                             19.864229   slack (MET)


Startpoint: _076_ (rising edge-triggered flip-flop clocked by clk)
Endpoint: uo_out[0] (output port clocked by clk)
Path Group: clk
Path Type: max

Fanout         Cap        Slew       Delay        Time   Description
---------------------------------------------------------------------------------------------
                                  0.000000    0.000000   clock clk (rise edge)
                                  0.000000    0.000000   clock source latency
     1    0.017450    0.132496    0.090188    0.090188 ^ clk (in)
                                                         clk (net)
                      0.132538    0.000000    0.090188 ^ clkbuf_0_clk/A (sky130_fd_sc_hd__clkbuf_16)
     2    0.021017    0.068701    0.251240    0.341428 ^ clkbuf_0_clk/X (sky130_fd_sc_hd__clkbuf_16)
                                                         clknet_0_clk (net)
                      0.068725    0.001596    0.343024 ^ clkbuf_1_1__f_clk/A (sky130_fd_sc_hd__clkbuf_16)
     6    0.020495    0.068059    0.221285    0.564309 ^ clkbuf_1_1__f_clk/X (sky130_fd_sc_hd__clkbuf_16)
                                                         clknet_1_1__leaf_clk (net)
                      0.068085    0.001730    0.566039 ^ _076_/CLK (sky130_fd_sc_hd__dfstp_1)
     5    0.011953    0.191135    1.160267    1.726306 ^ _076_/Q (sky130_fd_sc_hd__dfstp_1)
                                                         top_inst.red (net)
                      0.191135    0.000556    1.726862 ^ _098_/A (sky130_fd_sc_hd__buf_2)
     1    0.035464    0.281474    0.405793    2.132655 ^ _098_/X (sky130_fd_sc_hd__buf_2)
                                                         uo_out[0] (net)
                      0.281481    0.001786    2.134441 ^ uo_out[0] (out)
                                              2.134441   data arrival time

                                 25.000000   25.000000   clock clk (rise edge)
                                  0.000000   25.000000   clock network delay (propagated)
                                 -0.250000   24.750000   clock uncertainty
                                  0.000000   24.750000   clock reconvergence pessimism
                                 -5.000000   19.750000   output external delay
                                             19.750000   data required time
---------------------------------------------------------------------------------------------
                                             19.750000   data required time
                                             -2.134441   data arrival time
---------------------------------------------------------------------------------------------
                                             17.615559   slack (MET)




===========================================================================
report_checks --slack_max -0.01
============================================================================
======================= max_ss_100C_1v60 Corner ===================================

No paths found.


===========================================================================
 report_check_types -max_slew -max_cap -max_fanout -violators
============================================================================
======================= max_ss_100C_1v60 Corner ===================================



===========================================================================
report_parasitic_annotation -report_unannotated
============================================================================
Found 38 unannotated drivers.
 ena
 ui_in[1]
 ui_in[2]
 ui_in[3]
 ui_in[4]
 ui_in[5]
 ui_in[6]
 ui_in[7]
 uio_in[0]
 uio_in[1]
 uio_in[2]
 uio_in[3]
 uio_in[4]
 uio_in[5]
 uio_in[6]
 uio_in[7]
 clkload0/X
 stoplight_example_10/HI
 stoplight_example_11/HI
 stoplight_example_12/HI
 stoplight_example_13/HI
 stoplight_example_14/HI
 stoplight_example_15/HI
 stoplight_example_16/HI
 stoplight_example_17/HI
 stoplight_example_18/HI
 stoplight_example_19/HI
 stoplight_example_20/HI
 stoplight_example_21/HI
 stoplight_example_22/HI
 stoplight_example_23/HI
 stoplight_example_24/HI
 stoplight_example_25/HI
 stoplight_example_5/HI
 stoplight_example_6/HI
 stoplight_example_7/HI
 stoplight_example_8/HI
 stoplight_example_9/HI
Found 0 partially unannotated drivers.

===========================================================================
max slew violation count 0
max fanout violation count 0
max cap violation count 0
============================================================================

===========================================================================
check_setup -verbose -unconstrained_endpoints -multiple_clock -no_clock -no_input_delay -loops -generated_clocks
===========================================================================
Warning: There are 21 unconstrained endpoints.
  uio_oe[0]
  uio_oe[1]
  uio_oe[2]
  uio_oe[3]
  uio_oe[4]
  uio_oe[5]
  uio_oe[6]
  uio_oe[7]
  uio_out[0]
  uio_out[1]
  uio_out[2]
  uio_out[3]
  uio_out[4]
  uio_out[5]
  uio_out[6]
  uio_out[7]
  uo_out[3]
  uo_out[4]
  uo_out[5]
  uo_out[6]
  uo_out[7]
