Clock: clk
Sources: clk 
Generated: no
Virtual: yes
Propagated: no
Period: 25.000000

===========================================================================
report_clock_properties
============================================================================
Clock                   Period          Waveform
----------------------------------------------------
clk                  25.000000    0.000000 12.500000

===========================================================================
report_clock_latency
============================================================================
Clock clk
rise -> rise
    min     max
0.000000 0.000000 source latency
0.560538         network latency _071_/CLK
        0.566126 network latency _073_/CLK
---------------
0.560538 0.566126 latency
        0.005588 skew

fall -> fall
    min     max
0.000000 0.000000 source latency
0.558112         network latency _071_/CLK
        0.562950 network latency _073_/CLK
---------------
0.558112 0.562950 latency
        0.004838 skew



===========================================================================
report_clock_min_period
============================================================================
clk period_min = 5.91 fmax = 169.17
