Clock: clk
Sources: clk 
Generated: no
Virtual: yes
Propagated: no
Period: 25.000000

===========================================================================
report_clock_properties
============================================================================
Clock                   Period          Waveform
----------------------------------------------------
clk                  25.000000    0.000000 12.500000

===========================================================================
report_clock_latency
============================================================================
Clock clk
rise -> rise
    min     max
0.000000 0.000000 source latency
0.542752         network latency _071_/CLK
        0.546733 network latency _073_/CLK
---------------
0.542752 0.546733 latency
        0.003981 skew

fall -> fall
    min     max
0.000000 0.000000 source latency
0.546097         network latency _071_/CLK
        0.549515 network latency _073_/CLK
---------------
0.546097 0.549515 latency
        0.003418 skew



===========================================================================
report_clock_min_period
============================================================================
clk period_min = 5.87 fmax = 170.21
