Clock: clk
Sources: clk 
Generated: no
Virtual: yes
Propagated: no
Period: 25.000000

===========================================================================
report_clock_properties
============================================================================
Clock                   Period          Waveform
----------------------------------------------------
clk                  25.000000    0.000000 12.500000

===========================================================================
report_clock_latency
============================================================================
Clock clk
rise -> rise
    min     max
0.000000 0.000000 source latency
0.316879         network latency _071_/CLK
        0.320215 network latency _073_/CLK
---------------
0.316879 0.320215 latency
        0.003336 skew

fall -> fall
    min     max
0.000000 0.000000 source latency
0.307513         network latency _071_/CLK
        0.310450 network latency _073_/CLK
---------------
0.307513 0.310450 latency
        0.002937 skew



===========================================================================
report_clock_min_period
============================================================================
clk period_min = 2.80 fmax = 357.61
