
===========================================================================
report_checks -unconstrained
===========================================================================
======================= min_tt_025C_1v80 Corner ===================================

Startpoint: rst_n (input port clocked by clk)
Endpoint: _072_ (recovery check against rising-edge clock clk)
Path Group: asynchronous
Path Type: max

Fanout         Cap        Slew       Delay        Time   Description
---------------------------------------------------------------------------------------------
                                  0.000000    0.000000   clock clk (rise edge)
                                  0.000000    0.000000   clock network delay (propagated)
                                  5.000000    5.000000 ^ input external delay
     1    0.002470    0.018331    0.009143    5.009143 ^ rst_n (in)
                                                         rst_n (net)
                      0.018331    0.000000    5.009143 ^ input1/A (sky130_fd_sc_hd__buf_1)
     2    0.016222    0.195375    0.177047    5.186190 ^ input1/X (sky130_fd_sc_hd__buf_1)
                                                         net1 (net)
                      0.195380    0.000790    5.186980 ^ fanout4/A (sky130_fd_sc_hd__clkbuf_4)
    10    0.048748    0.153446    0.267819    5.454800 ^ fanout4/X (sky130_fd_sc_hd__clkbuf_4)
                                                         net4 (net)
                      0.153467    0.001823    5.456623 ^ _072_/RESET_B (sky130_fd_sc_hd__dfrtp_1)
                                              5.456623   data arrival time

                                 25.000000   25.000000   clock clk (rise edge)
                                  0.000000   25.000000   clock source latency
     1    0.015870    0.077338    0.052998   25.052998 ^ clk (in)
                                                         clk (net)
                      0.077353    0.000000   25.052998 ^ clkbuf_0_clk/A (sky130_fd_sc_hd__clkbuf_16)
     2    0.020156    0.042006    0.137414   25.190411 ^ clkbuf_0_clk/X (sky130_fd_sc_hd__clkbuf_16)
                                                         clknet_0_clk (net)
                      0.042006    0.000204   25.190615 ^ clkbuf_1_0__f_clk/A (sky130_fd_sc_hd__clkbuf_16)
     6    0.016776    0.039102    0.121279   25.311893 ^ clkbuf_1_0__f_clk/X (sky130_fd_sc_hd__clkbuf_16)
                                                         clknet_1_0__leaf_clk (net)
                      0.039102    0.000103   25.311996 ^ _072_/CLK (sky130_fd_sc_hd__dfrtp_1)
                                 -0.250000   25.061998   clock uncertainty
                                  0.000000   25.061998   clock reconvergence pessimism
                                  0.200417   25.262415   library recovery time
                                             25.262415   data required time
---------------------------------------------------------------------------------------------
                                             25.262415   data required time
                                             -5.456623   data arrival time
---------------------------------------------------------------------------------------------
                                             19.805794   slack (MET)


Startpoint: _076_ (rising edge-triggered flip-flop clocked by clk)
Endpoint: uo_out[0] (output port clocked by clk)
Path Group: clk
Path Type: max

Fanout         Cap        Slew       Delay        Time   Description
---------------------------------------------------------------------------------------------
                                  0.000000    0.000000   clock clk (rise edge)
                                  0.000000    0.000000   clock source latency
     1    0.015870    0.077338    0.052998    0.052998 ^ clk (in)
                                                         clk (net)
                      0.077353    0.000000    0.052998 ^ clkbuf_0_clk/A (sky130_fd_sc_hd__clkbuf_16)
     2    0.020156    0.042006    0.137412    0.190410 ^ clkbuf_0_clk/X (sky130_fd_sc_hd__clkbuf_16)
                                                         clknet_0_clk (net)
                      0.042007    0.000314    0.190724 ^ clkbuf_1_1__f_clk/A (sky130_fd_sc_hd__clkbuf_16)
     6    0.019354    0.041293    0.123658    0.314382 ^ clkbuf_1_1__f_clk/X (sky130_fd_sc_hd__clkbuf_16)
                                                         clknet_1_1__leaf_clk (net)
                      0.041295    0.000469    0.314852 ^ _076_/CLK (sky130_fd_sc_hd__dfstp_1)
     5    0.011763    0.116675    0.549373    0.864224 ^ _076_/Q (sky130_fd_sc_hd__dfstp_1)
                                                         top_inst.red (net)
                      0.116675    0.000064    0.864289 ^ _098_/A (sky130_fd_sc_hd__buf_2)
     1    0.035182    0.174793    0.227674    1.091962 ^ _098_/X (sky130_fd_sc_hd__buf_2)
                                                         uo_out[0] (net)
                      0.174793    0.000460    1.092422 ^ uo_out[0] (out)
                                              1.092422   data arrival time

                                 25.000000   25.000000   clock clk (rise edge)
                                  0.000000   25.000000   clock network delay (propagated)
                                 -0.250000   24.750000   clock uncertainty
                                  0.000000   24.750000   clock reconvergence pessimism
                                 -5.000000   19.750000   output external delay
                                             19.750000   data required time
---------------------------------------------------------------------------------------------
                                             19.750000   data required time
                                             -1.092422   data arrival time
---------------------------------------------------------------------------------------------
                                             18.657578   slack (MET)




===========================================================================
report_checks --slack_max -0.01
============================================================================
======================= min_tt_025C_1v80 Corner ===================================

No paths found.


===========================================================================
 report_check_types -max_slew -max_cap -max_fanout -violators
============================================================================
======================= min_tt_025C_1v80 Corner ===================================



===========================================================================
report_parasitic_annotation -report_unannotated
============================================================================
Found 38 unannotated drivers.
 ena
 ui_in[1]
 ui_in[2]
 ui_in[3]
 ui_in[4]
 ui_in[5]
 ui_in[6]
 ui_in[7]
 uio_in[0]
 uio_in[1]
 uio_in[2]
 uio_in[3]
 uio_in[4]
 uio_in[5]
 uio_in[6]
 uio_in[7]
 clkload0/X
 stoplight_example_10/HI
 stoplight_example_11/HI
 stoplight_example_12/HI
 stoplight_example_13/HI
 stoplight_example_14/HI
 stoplight_example_15/HI
 stoplight_example_16/HI
 stoplight_example_17/HI
 stoplight_example_18/HI
 stoplight_example_19/HI
 stoplight_example_20/HI
 stoplight_example_21/HI
 stoplight_example_22/HI
 stoplight_example_23/HI
 stoplight_example_24/HI
 stoplight_example_25/HI
 stoplight_example_5/HI
 stoplight_example_6/HI
 stoplight_example_7/HI
 stoplight_example_8/HI
 stoplight_example_9/HI
Found 0 partially unannotated drivers.

===========================================================================
max slew violation count 0
max fanout violation count 0
max cap violation count 0
============================================================================

===========================================================================
check_setup -verbose -unconstrained_endpoints -multiple_clock -no_clock -no_input_delay -loops -generated_clocks
===========================================================================
Warning: There are 21 unconstrained endpoints.
  uio_oe[0]
  uio_oe[1]
  uio_oe[2]
  uio_oe[3]
  uio_oe[4]
  uio_oe[5]
  uio_oe[6]
  uio_oe[7]
  uio_out[0]
  uio_out[1]
  uio_out[2]
  uio_out[3]
  uio_out[4]
  uio_out[5]
  uio_out[6]
  uio_out[7]
  uo_out[3]
  uo_out[4]
  uo_out[5]
  uo_out[6]
  uo_out[7]
