Clock: clk
Sources: clk 
Generated: no
Virtual: yes
Propagated: no
Period: 25.000000

===========================================================================
report_clock_properties
============================================================================
Clock                   Period          Waveform
----------------------------------------------------
clk                  25.000000    0.000000 12.500000

===========================================================================
report_clock_latency
============================================================================
Clock clk
rise -> rise
    min     max
0.000000 0.000000 source latency
0.311993         network latency _071_/CLK
        0.314855 network latency _073_/CLK
---------------
0.311993 0.314855 latency
        0.002862 skew

fall -> fall
    min     max
0.000000 0.000000 source latency
0.304279         network latency _071_/CLK
        0.306795 network latency _073_/CLK
---------------
0.304279 0.306795 latency
        0.002516 skew



===========================================================================
report_clock_min_period
============================================================================
clk period_min = 2.79 fmax = 358.84
