
===========================================================================
report_checks -path_delay max (Setup)
============================================================================
======================= min_tt_025C_1v80 Corner ===================================

Startpoint: _076_ (rising edge-triggered flip-flop clocked by clk)
Endpoint: uo_out[0] (output port clocked by clk)
Path Group: clk
Path Type: max

Fanout         Cap        Slew       Delay        Time   Description
---------------------------------------------------------------------------------------------
                                  0.000000    0.000000   clock clk (rise edge)
                                  0.000000    0.000000   clock source latency
     1    0.015870    0.077338    0.052998    0.052998 ^ clk (in)
                                                         clk (net)
                      0.077353    0.000000    0.052998 ^ clkbuf_0_clk/A (sky130_fd_sc_hd__clkbuf_16)
     2    0.020156    0.042006    0.137412    0.190410 ^ clkbuf_0_clk/X (sky130_fd_sc_hd__clkbuf_16)
                                                         clknet_0_clk (net)
                      0.042007    0.000314    0.190724 ^ clkbuf_1_1__f_clk/A (sky130_fd_sc_hd__clkbuf_16)
     6    0.019354    0.041293    0.123658    0.314382 ^ clkbuf_1_1__f_clk/X (sky130_fd_sc_hd__clkbuf_16)
                                                         clknet_1_1__leaf_clk (net)
                      0.041295    0.000469    0.314852 ^ _076_/CLK (sky130_fd_sc_hd__dfstp_1)
     5    0.011763    0.116675    0.549373    0.864224 ^ _076_/Q (sky130_fd_sc_hd__dfstp_1)
                                                         top_inst.red (net)
                      0.116675    0.000064    0.864289 ^ _098_/A (sky130_fd_sc_hd__buf_2)
     1    0.035182    0.174793    0.227674    1.091962 ^ _098_/X (sky130_fd_sc_hd__buf_2)
                                                         uo_out[0] (net)
                      0.174793    0.000460    1.092422 ^ uo_out[0] (out)
                                              1.092422   data arrival time

                                 25.000000   25.000000   clock clk (rise edge)
                                  0.000000   25.000000   clock network delay (propagated)
                                 -0.250000   24.750000   clock uncertainty
                                  0.000000   24.750000   clock reconvergence pessimism
                                 -5.000000   19.750000   output external delay
                                             19.750000   data required time
---------------------------------------------------------------------------------------------
                                             19.750000   data required time
                                             -1.092422   data arrival time
---------------------------------------------------------------------------------------------
                                             18.657578   slack (MET)


Startpoint: _075_ (rising edge-triggered flip-flop clocked by clk)
Endpoint: uo_out[1] (output port clocked by clk)
Path Group: clk
Path Type: max

Fanout         Cap        Slew       Delay        Time   Description
---------------------------------------------------------------------------------------------
                                  0.000000    0.000000   clock clk (rise edge)
                                  0.000000    0.000000   clock source latency
     1    0.015870    0.077338    0.052998    0.052998 ^ clk (in)
                                                         clk (net)
                      0.077353    0.000000    0.052998 ^ clkbuf_0_clk/A (sky130_fd_sc_hd__clkbuf_16)
     2    0.020156    0.042006    0.137412    0.190410 ^ clkbuf_0_clk/X (sky130_fd_sc_hd__clkbuf_16)
                                                         clknet_0_clk (net)
                      0.042006    0.000206    0.190616 ^ clkbuf_1_0__f_clk/A (sky130_fd_sc_hd__clkbuf_16)
     6    0.016776    0.039102    0.121279    0.311895 ^ clkbuf_1_0__f_clk/X (sky130_fd_sc_hd__clkbuf_16)
                                                         clknet_1_0__leaf_clk (net)
                      0.039102    0.000128    0.312023 ^ _075_/CLK (sky130_fd_sc_hd__dfrtp_1)
     5    0.013885    0.132060    0.384534    0.696558 ^ _075_/Q (sky130_fd_sc_hd__dfrtp_1)
                                                         top_inst.src2.yellow (net)
                      0.132060    0.000093    0.696651 ^ _099_/A (sky130_fd_sc_hd__buf_2)
     1    0.034608    0.172142    0.230554    0.927205 ^ _099_/X (sky130_fd_sc_hd__buf_2)
                                                         uo_out[1] (net)
                      0.172142    0.000379    0.927584 ^ uo_out[1] (out)
                                              0.927584   data arrival time

                                 25.000000   25.000000   clock clk (rise edge)
                                  0.000000   25.000000   clock network delay (propagated)
                                 -0.250000   24.750000   clock uncertainty
                                  0.000000   24.750000   clock reconvergence pessimism
                                 -5.000000   19.750000   output external delay
                                             19.750000   data required time
---------------------------------------------------------------------------------------------
                                             19.750000   data required time
                                             -0.927584   data arrival time
---------------------------------------------------------------------------------------------
                                             18.822416   slack (MET)


Startpoint: _074_ (rising edge-triggered flip-flop clocked by clk)
Endpoint: uo_out[2] (output port clocked by clk)
Path Group: clk
Path Type: max

Fanout         Cap        Slew       Delay        Time   Description
---------------------------------------------------------------------------------------------
                                  0.000000    0.000000   clock clk (rise edge)
                                  0.000000    0.000000   clock source latency
     1    0.015870    0.077338    0.052998    0.052998 ^ clk (in)
                                                         clk (net)
                      0.077353    0.000000    0.052998 ^ clkbuf_0_clk/A (sky130_fd_sc_hd__clkbuf_16)
     2    0.020156    0.042006    0.137412    0.190410 ^ clkbuf_0_clk/X (sky130_fd_sc_hd__clkbuf_16)
                                                         clknet_0_clk (net)
                      0.042006    0.000206    0.190616 ^ clkbuf_1_0__f_clk/A (sky130_fd_sc_hd__clkbuf_16)
     6    0.016776    0.039102    0.121279    0.311895 ^ clkbuf_1_0__f_clk/X (sky130_fd_sc_hd__clkbuf_16)
                                                         clknet_1_0__leaf_clk (net)
                      0.039102    0.000116    0.312011 ^ _074_/CLK (sky130_fd_sc_hd__dfrtp_1)
     3    0.006035    0.053912    0.369081    0.681093 v _074_/Q (sky130_fd_sc_hd__dfrtp_1)
                                                         top_inst.count_clr (net)
                      0.053912    0.000048    0.681140 v _100_/A (sky130_fd_sc_hd__buf_2)
     1    0.033848    0.088362    0.183519    0.864660 v _100_/X (sky130_fd_sc_hd__buf_2)
                                                         uo_out[2] (net)
                      0.088362    0.000228    0.864888 v uo_out[2] (out)
                                              0.864888   data arrival time

                                 25.000000   25.000000   clock clk (rise edge)
                                  0.000000   25.000000   clock network delay (propagated)
                                 -0.250000   24.750000   clock uncertainty
                                  0.000000   24.750000   clock reconvergence pessimism
                                 -5.000000   19.750000   output external delay
                                             19.750000   data required time
---------------------------------------------------------------------------------------------
                                             19.750000   data required time
                                             -0.864888   data arrival time
---------------------------------------------------------------------------------------------
                                             18.885111   slack (MET)


Startpoint: ui_in[0] (input port clocked by clk)
Endpoint: _075_ (rising edge-triggered flip-flop clocked by clk)
Path Group: clk
Path Type: max

Fanout         Cap        Slew       Delay        Time   Description
---------------------------------------------------------------------------------------------
                                  0.000000    0.000000   clock clk (rise edge)
                                  0.000000    0.000000   clock network delay (propagated)
                                  5.000000    5.000000 v input external delay
     1    0.002455    0.007836    0.003837    5.003837 v ui_in[0] (in)
                                                         ui_in[0] (net)
                      0.007836    0.000000    5.003837 v input2/A (sky130_fd_sc_hd__clkbuf_1)
     2    0.005655    0.041387    0.085353    5.089190 v input2/X (sky130_fd_sc_hd__clkbuf_1)
                                                         net2 (net)
                      0.041387    0.000053    5.089243 v _040_/A2 (sky130_fd_sc_hd__a22o_1)
     1    0.002103    0.036604    0.215414    5.304657 v _040_/X (sky130_fd_sc_hd__a22o_1)
                                                         _001_ (net)
                      0.036604    0.000012    5.304670 v hold3/A (sky130_fd_sc_hd__dlygate4sd3_1)
     1    0.002290    0.050293    0.540284    5.844954 v hold3/X (sky130_fd_sc_hd__dlygate4sd3_1)
                                                         net28 (net)
                      0.050293    0.000020    5.844974 v _075_/D (sky130_fd_sc_hd__dfrtp_1)
                                              5.844974   data arrival time

                                 25.000000   25.000000   clock clk (rise edge)
                                  0.000000   25.000000   clock source latency
     1    0.015870    0.077338    0.052998   25.052998 ^ clk (in)
                                                         clk (net)
                      0.077353    0.000000   25.052998 ^ clkbuf_0_clk/A (sky130_fd_sc_hd__clkbuf_16)
     2    0.020156    0.042006    0.137414   25.190411 ^ clkbuf_0_clk/X (sky130_fd_sc_hd__clkbuf_16)
                                                         clknet_0_clk (net)
                      0.042006    0.000204   25.190615 ^ clkbuf_1_0__f_clk/A (sky130_fd_sc_hd__clkbuf_16)
     6    0.016776    0.039102    0.121279   25.311893 ^ clkbuf_1_0__f_clk/X (sky130_fd_sc_hd__clkbuf_16)
                                                         clknet_1_0__leaf_clk (net)
                      0.039102    0.000130   25.312023 ^ _075_/CLK (sky130_fd_sc_hd__dfrtp_1)
                                 -0.250000   25.062025   clock uncertainty
                                  0.000000   25.062025   clock reconvergence pessimism
                                 -0.117933   24.944092   library setup time
                                             24.944092   data required time
---------------------------------------------------------------------------------------------
                                             24.944092   data required time
                                             -5.844974   data arrival time
---------------------------------------------------------------------------------------------
                                             19.099117   slack (MET)


Startpoint: ui_in[0] (input port clocked by clk)
Endpoint: _074_ (rising edge-triggered flip-flop clocked by clk)
Path Group: clk
Path Type: max

Fanout         Cap        Slew       Delay        Time   Description
---------------------------------------------------------------------------------------------
                                  0.000000    0.000000   clock clk (rise edge)
                                  0.000000    0.000000   clock network delay (propagated)
                                  5.000000    5.000000 v input external delay
     1    0.002455    0.007836    0.003837    5.003837 v ui_in[0] (in)
                                                         ui_in[0] (net)
                      0.007836    0.000000    5.003837 v input2/A (sky130_fd_sc_hd__clkbuf_1)
     2    0.005655    0.041387    0.085353    5.089190 v input2/X (sky130_fd_sc_hd__clkbuf_1)
                                                         net2 (net)
                      0.041387    0.000049    5.089239 v _039_/A2 (sky130_fd_sc_hd__o22ai_1)
     1    0.002763    0.129427    0.137555    5.226794 ^ _039_/Y (sky130_fd_sc_hd__o22ai_1)
                                                         _000_ (net)
                      0.129427    0.000030    5.226824 ^ _074_/D (sky130_fd_sc_hd__dfrtp_1)
                                              5.226824   data arrival time

                                 25.000000   25.000000   clock clk (rise edge)
                                  0.000000   25.000000   clock source latency
     1    0.015870    0.077338    0.052998   25.052998 ^ clk (in)
                                                         clk (net)
                      0.077353    0.000000   25.052998 ^ clkbuf_0_clk/A (sky130_fd_sc_hd__clkbuf_16)
     2    0.020156    0.042006    0.137414   25.190411 ^ clkbuf_0_clk/X (sky130_fd_sc_hd__clkbuf_16)
                                                         clknet_0_clk (net)
                      0.042006    0.000204   25.190615 ^ clkbuf_1_0__f_clk/A (sky130_fd_sc_hd__clkbuf_16)
     6    0.016776    0.039102    0.121279   25.311893 ^ clkbuf_1_0__f_clk/X (sky130_fd_sc_hd__clkbuf_16)
                                                         clknet_1_0__leaf_clk (net)
                      0.039102    0.000117   25.312012 ^ _074_/CLK (sky130_fd_sc_hd__dfrtp_1)
                                 -0.250000   25.062012   clock uncertainty
                                  0.000000   25.062012   clock reconvergence pessimism
                                 -0.080240   24.981771   library setup time
                                             24.981771   data required time
---------------------------------------------------------------------------------------------
                                             24.981771   data required time
                                             -5.226824   data arrival time
---------------------------------------------------------------------------------------------
                                             19.754946   slack (MET)


Startpoint: rst_n (input port clocked by clk)
Endpoint: _072_ (recovery check against rising-edge clock clk)
Path Group: asynchronous
Path Type: max

Fanout         Cap        Slew       Delay        Time   Description
---------------------------------------------------------------------------------------------
                                  0.000000    0.000000   clock clk (rise edge)
                                  0.000000    0.000000   clock network delay (propagated)
                                  5.000000    5.000000 ^ input external delay
     1    0.002470    0.018331    0.009143    5.009143 ^ rst_n (in)
                                                         rst_n (net)
                      0.018331    0.000000    5.009143 ^ input1/A (sky130_fd_sc_hd__buf_1)
     2    0.016222    0.195375    0.177047    5.186190 ^ input1/X (sky130_fd_sc_hd__buf_1)
                                                         net1 (net)
                      0.195380    0.000790    5.186980 ^ fanout4/A (sky130_fd_sc_hd__clkbuf_4)
    10    0.048748    0.153446    0.267819    5.454800 ^ fanout4/X (sky130_fd_sc_hd__clkbuf_4)
                                                         net4 (net)
                      0.153467    0.001823    5.456623 ^ _072_/RESET_B (sky130_fd_sc_hd__dfrtp_1)
                                              5.456623   data arrival time

                                 25.000000   25.000000   clock clk (rise edge)
                                  0.000000   25.000000   clock source latency
     1    0.015870    0.077338    0.052998   25.052998 ^ clk (in)
                                                         clk (net)
                      0.077353    0.000000   25.052998 ^ clkbuf_0_clk/A (sky130_fd_sc_hd__clkbuf_16)
     2    0.020156    0.042006    0.137414   25.190411 ^ clkbuf_0_clk/X (sky130_fd_sc_hd__clkbuf_16)
                                                         clknet_0_clk (net)
                      0.042006    0.000204   25.190615 ^ clkbuf_1_0__f_clk/A (sky130_fd_sc_hd__clkbuf_16)
     6    0.016776    0.039102    0.121279   25.311893 ^ clkbuf_1_0__f_clk/X (sky130_fd_sc_hd__clkbuf_16)
                                                         clknet_1_0__leaf_clk (net)
                      0.039102    0.000103   25.311996 ^ _072_/CLK (sky130_fd_sc_hd__dfrtp_1)
                                 -0.250000   25.061998   clock uncertainty
                                  0.000000   25.061998   clock reconvergence pessimism
                                  0.200417   25.262415   library recovery time
                                             25.262415   data required time
---------------------------------------------------------------------------------------------
                                             25.262415   data required time
                                             -5.456623   data arrival time
---------------------------------------------------------------------------------------------
                                             19.805794   slack (MET)


Startpoint: rst_n (input port clocked by clk)
Endpoint: _071_ (recovery check against rising-edge clock clk)
Path Group: asynchronous
Path Type: max

Fanout         Cap        Slew       Delay        Time   Description
---------------------------------------------------------------------------------------------
                                  0.000000    0.000000   clock clk (rise edge)
                                  0.000000    0.000000   clock network delay (propagated)
                                  5.000000    5.000000 ^ input external delay
     1    0.002470    0.018331    0.009143    5.009143 ^ rst_n (in)
                                                         rst_n (net)
                      0.018331    0.000000    5.009143 ^ input1/A (sky130_fd_sc_hd__buf_1)
     2    0.016222    0.195375    0.177047    5.186190 ^ input1/X (sky130_fd_sc_hd__buf_1)
                                                         net1 (net)
                      0.195380    0.000790    5.186980 ^ fanout4/A (sky130_fd_sc_hd__clkbuf_4)
    10    0.048748    0.153446    0.267819    5.454800 ^ fanout4/X (sky130_fd_sc_hd__clkbuf_4)
                                                         net4 (net)
                      0.153465    0.001766    5.456565 ^ _071_/RESET_B (sky130_fd_sc_hd__dfrtp_1)
                                              5.456565   data arrival time

                                 25.000000   25.000000   clock clk (rise edge)
                                  0.000000   25.000000   clock source latency
     1    0.015870    0.077338    0.052998   25.052998 ^ clk (in)
                                                         clk (net)
                      0.077353    0.000000   25.052998 ^ clkbuf_0_clk/A (sky130_fd_sc_hd__clkbuf_16)
     2    0.020156    0.042006    0.137414   25.190411 ^ clkbuf_0_clk/X (sky130_fd_sc_hd__clkbuf_16)
                                                         clknet_0_clk (net)
                      0.042006    0.000204   25.190615 ^ clkbuf_1_0__f_clk/A (sky130_fd_sc_hd__clkbuf_16)
     6    0.016776    0.039102    0.121279   25.311893 ^ clkbuf_1_0__f_clk/X (sky130_fd_sc_hd__clkbuf_16)
                                                         clknet_1_0__leaf_clk (net)
                      0.039102    0.000099   25.311993 ^ _071_/CLK (sky130_fd_sc_hd__dfrtp_1)
                                 -0.250000   25.061995   clock uncertainty
                                  0.000000   25.061995   clock reconvergence pessimism
                                  0.200417   25.262411   library recovery time
                                             25.262411   data required time
---------------------------------------------------------------------------------------------
                                             25.262411   data required time
                                             -5.456565   data arrival time
---------------------------------------------------------------------------------------------
                                             19.805847   slack (MET)


Startpoint: rst_n (input port clocked by clk)
Endpoint: _070_ (recovery check against rising-edge clock clk)
Path Group: asynchronous
Path Type: max

Fanout         Cap        Slew       Delay        Time   Description
---------------------------------------------------------------------------------------------
                                  0.000000    0.000000   clock clk (rise edge)
                                  0.000000    0.000000   clock network delay (propagated)
                                  5.000000    5.000000 ^ input external delay
     1    0.002470    0.018331    0.009143    5.009143 ^ rst_n (in)
                                                         rst_n (net)
                      0.018331    0.000000    5.009143 ^ input1/A (sky130_fd_sc_hd__buf_1)
     2    0.016222    0.195375    0.177047    5.186190 ^ input1/X (sky130_fd_sc_hd__buf_1)
                                                         net1 (net)
                      0.195380    0.000790    5.186980 ^ fanout4/A (sky130_fd_sc_hd__clkbuf_4)
    10    0.048748    0.153446    0.267819    5.454800 ^ fanout4/X (sky130_fd_sc_hd__clkbuf_4)
                                                         net4 (net)
                      0.153462    0.001663    5.456462 ^ _070_/RESET_B (sky130_fd_sc_hd__dfrtp_1)
                                              5.456462   data arrival time

                                 25.000000   25.000000   clock clk (rise edge)
                                  0.000000   25.000000   clock source latency
     1    0.015870    0.077338    0.052998   25.052998 ^ clk (in)
                                                         clk (net)
                      0.077353    0.000000   25.052998 ^ clkbuf_0_clk/A (sky130_fd_sc_hd__clkbuf_16)
     2    0.020156    0.042006    0.137414   25.190411 ^ clkbuf_0_clk/X (sky130_fd_sc_hd__clkbuf_16)
                                                         clknet_0_clk (net)
                      0.042006    0.000204   25.190615 ^ clkbuf_1_0__f_clk/A (sky130_fd_sc_hd__clkbuf_16)
     6    0.016776    0.039102    0.121279   25.311893 ^ clkbuf_1_0__f_clk/X (sky130_fd_sc_hd__clkbuf_16)
                                                         clknet_1_0__leaf_clk (net)
                      0.039102    0.000108   25.312002 ^ _070_/CLK (sky130_fd_sc_hd__dfrtp_1)
                                 -0.250000   25.062002   clock uncertainty
                                  0.000000   25.062002   clock reconvergence pessimism
                                  0.200418   25.262421   library recovery time
                                             25.262421   data required time
---------------------------------------------------------------------------------------------
                                             25.262421   data required time
                                             -5.456462   data arrival time
---------------------------------------------------------------------------------------------
                                             19.805958   slack (MET)


Startpoint: rst_n (input port clocked by clk)
Endpoint: _074_ (recovery check against rising-edge clock clk)
Path Group: asynchronous
Path Type: max

Fanout         Cap        Slew       Delay        Time   Description
---------------------------------------------------------------------------------------------
                                  0.000000    0.000000   clock clk (rise edge)
                                  0.000000    0.000000   clock network delay (propagated)
                                  5.000000    5.000000 ^ input external delay
     1    0.002470    0.018331    0.009143    5.009143 ^ rst_n (in)
                                                         rst_n (net)
                      0.018331    0.000000    5.009143 ^ input1/A (sky130_fd_sc_hd__buf_1)
     2    0.016222    0.195375    0.177047    5.186190 ^ input1/X (sky130_fd_sc_hd__buf_1)
                                                         net1 (net)
                      0.195380    0.000790    5.186980 ^ fanout4/A (sky130_fd_sc_hd__clkbuf_4)
    10    0.048748    0.153446    0.267819    5.454800 ^ fanout4/X (sky130_fd_sc_hd__clkbuf_4)
                                                         net4 (net)
                      0.153463    0.001680    5.456480 ^ _074_/RESET_B (sky130_fd_sc_hd__dfrtp_1)
                                              5.456480   data arrival time

                                 25.000000   25.000000   clock clk (rise edge)
                                  0.000000   25.000000   clock source latency
     1    0.015870    0.077338    0.052998   25.052998 ^ clk (in)
                                                         clk (net)
                      0.077353    0.000000   25.052998 ^ clkbuf_0_clk/A (sky130_fd_sc_hd__clkbuf_16)
     2    0.020156    0.042006    0.137414   25.190411 ^ clkbuf_0_clk/X (sky130_fd_sc_hd__clkbuf_16)
                                                         clknet_0_clk (net)
                      0.042006    0.000204   25.190615 ^ clkbuf_1_0__f_clk/A (sky130_fd_sc_hd__clkbuf_16)
     6    0.016776    0.039102    0.121279   25.311893 ^ clkbuf_1_0__f_clk/X (sky130_fd_sc_hd__clkbuf_16)
                                                         clknet_1_0__leaf_clk (net)
                      0.039102    0.000117   25.312012 ^ _074_/CLK (sky130_fd_sc_hd__dfrtp_1)
                                 -0.250000   25.062012   clock uncertainty
                                  0.000000   25.062012   clock reconvergence pessimism
                                  0.200418   25.262430   library recovery time
                                             25.262430   data required time
---------------------------------------------------------------------------------------------
                                             25.262430   data required time
                                             -5.456480   data arrival time
---------------------------------------------------------------------------------------------
                                             19.805950   slack (MET)


Startpoint: rst_n (input port clocked by clk)
Endpoint: _075_ (recovery check against rising-edge clock clk)
Path Group: asynchronous
Path Type: max

Fanout         Cap        Slew       Delay        Time   Description
---------------------------------------------------------------------------------------------
                                  0.000000    0.000000   clock clk (rise edge)
                                  0.000000    0.000000   clock network delay (propagated)
                                  5.000000    5.000000 ^ input external delay
     1    0.002470    0.018331    0.009143    5.009143 ^ rst_n (in)
                                                         rst_n (net)
                      0.018331    0.000000    5.009143 ^ input1/A (sky130_fd_sc_hd__buf_1)
     2    0.016222    0.195375    0.177047    5.186190 ^ input1/X (sky130_fd_sc_hd__buf_1)
                                                         net1 (net)
                      0.195380    0.000790    5.186980 ^ fanout4/A (sky130_fd_sc_hd__clkbuf_4)
    10    0.048748    0.153446    0.267819    5.454800 ^ fanout4/X (sky130_fd_sc_hd__clkbuf_4)
                                                         net4 (net)
                      0.153455    0.001327    5.456126 ^ _075_/RESET_B (sky130_fd_sc_hd__dfrtp_1)
                                              5.456126   data arrival time

                                 25.000000   25.000000   clock clk (rise edge)
                                  0.000000   25.000000   clock source latency
     1    0.015870    0.077338    0.052998   25.052998 ^ clk (in)
                                                         clk (net)
                      0.077353    0.000000   25.052998 ^ clkbuf_0_clk/A (sky130_fd_sc_hd__clkbuf_16)
     2    0.020156    0.042006    0.137414   25.190411 ^ clkbuf_0_clk/X (sky130_fd_sc_hd__clkbuf_16)
                                                         clknet_0_clk (net)
                      0.042006    0.000204   25.190615 ^ clkbuf_1_0__f_clk/A (sky130_fd_sc_hd__clkbuf_16)
     6    0.016776    0.039102    0.121279   25.311893 ^ clkbuf_1_0__f_clk/X (sky130_fd_sc_hd__clkbuf_16)
                                                         clknet_1_0__leaf_clk (net)
                      0.039102    0.000130   25.312023 ^ _075_/CLK (sky130_fd_sc_hd__dfrtp_1)
                                 -0.250000   25.062025   clock uncertainty
                                  0.000000   25.062025   clock reconvergence pessimism
                                  0.200420   25.262444   library recovery time
                                             25.262444   data required time
---------------------------------------------------------------------------------------------
                                             25.262444   data required time
                                             -5.456126   data arrival time
---------------------------------------------------------------------------------------------
                                             19.806316   slack (MET)


Startpoint: rst_n (input port clocked by clk)
Endpoint: _067_ (recovery check against rising-edge clock clk)
Path Group: asynchronous
Path Type: max

Fanout         Cap        Slew       Delay        Time   Description
---------------------------------------------------------------------------------------------
                                  0.000000    0.000000   clock clk (rise edge)
                                  0.000000    0.000000   clock network delay (propagated)
                                  5.000000    5.000000 ^ input external delay
     1    0.002470    0.018331    0.009143    5.009143 ^ rst_n (in)
                                                         rst_n (net)
                      0.018331    0.000000    5.009143 ^ input1/A (sky130_fd_sc_hd__buf_1)
     2    0.016222    0.195375    0.177047    5.186190 ^ input1/X (sky130_fd_sc_hd__buf_1)
                                                         net1 (net)
                      0.195380    0.000790    5.186980 ^ fanout4/A (sky130_fd_sc_hd__clkbuf_4)
    10    0.048748    0.153446    0.267819    5.454800 ^ fanout4/X (sky130_fd_sc_hd__clkbuf_4)
                                                         net4 (net)
                      0.153470    0.001921    5.456720 ^ _067_/RESET_B (sky130_fd_sc_hd__dfrtp_1)
                                              5.456720   data arrival time

                                 25.000000   25.000000   clock clk (rise edge)
                                  0.000000   25.000000   clock source latency
     1    0.015870    0.077338    0.052998   25.052998 ^ clk (in)
                                                         clk (net)
                      0.077353    0.000000   25.052998 ^ clkbuf_0_clk/A (sky130_fd_sc_hd__clkbuf_16)
     2    0.020156    0.042006    0.137414   25.190411 ^ clkbuf_0_clk/X (sky130_fd_sc_hd__clkbuf_16)
                                                         clknet_0_clk (net)
                      0.042007    0.000313   25.190723 ^ clkbuf_1_1__f_clk/A (sky130_fd_sc_hd__clkbuf_16)
     6    0.019354    0.041293    0.123659   25.314383 ^ clkbuf_1_1__f_clk/X (sky130_fd_sc_hd__clkbuf_16)
                                                         clknet_1_1__leaf_clk (net)
                      0.041294    0.000442   25.314825 ^ _067_/CLK (sky130_fd_sc_hd__dfrtp_1)
                                 -0.250000   25.064825   clock uncertainty
                                  0.000000   25.064825   clock reconvergence pessimism
                                  0.201098   25.265923   library recovery time
                                             25.265923   data required time
---------------------------------------------------------------------------------------------
                                             25.265923   data required time
                                             -5.456720   data arrival time
---------------------------------------------------------------------------------------------
                                             19.809204   slack (MET)


Startpoint: rst_n (input port clocked by clk)
Endpoint: _073_ (recovery check against rising-edge clock clk)
Path Group: asynchronous
Path Type: max

Fanout         Cap        Slew       Delay        Time   Description
---------------------------------------------------------------------------------------------
                                  0.000000    0.000000   clock clk (rise edge)
                                  0.000000    0.000000   clock network delay (propagated)
                                  5.000000    5.000000 ^ input external delay
     1    0.002470    0.018331    0.009143    5.009143 ^ rst_n (in)
                                                         rst_n (net)
                      0.018331    0.000000    5.009143 ^ input1/A (sky130_fd_sc_hd__buf_1)
     2    0.016222    0.195375    0.177047    5.186190 ^ input1/X (sky130_fd_sc_hd__buf_1)
                                                         net1 (net)
                      0.195380    0.000790    5.186980 ^ fanout4/A (sky130_fd_sc_hd__clkbuf_4)
    10    0.048748    0.153446    0.267819    5.454800 ^ fanout4/X (sky130_fd_sc_hd__clkbuf_4)
                                                         net4 (net)
                      0.153467    0.001845    5.456645 ^ _073_/RESET_B (sky130_fd_sc_hd__dfrtp_1)
                                              5.456645   data arrival time

                                 25.000000   25.000000   clock clk (rise edge)
                                  0.000000   25.000000   clock source latency
     1    0.015870    0.077338    0.052998   25.052998 ^ clk (in)
                                                         clk (net)
                      0.077353    0.000000   25.052998 ^ clkbuf_0_clk/A (sky130_fd_sc_hd__clkbuf_16)
     2    0.020156    0.042006    0.137414   25.190411 ^ clkbuf_0_clk/X (sky130_fd_sc_hd__clkbuf_16)
                                                         clknet_0_clk (net)
                      0.042007    0.000313   25.190723 ^ clkbuf_1_1__f_clk/A (sky130_fd_sc_hd__clkbuf_16)
     6    0.019354    0.041293    0.123659   25.314383 ^ clkbuf_1_1__f_clk/X (sky130_fd_sc_hd__clkbuf_16)
                                                         clknet_1_1__leaf_clk (net)
                      0.041295    0.000473   25.314856 ^ _073_/CLK (sky130_fd_sc_hd__dfrtp_1)
                                 -0.250000   25.064856   clock uncertainty
                                  0.000000   25.064856   clock reconvergence pessimism
                                  0.201098   25.265953   library recovery time
                                             25.265953   data required time
---------------------------------------------------------------------------------------------
                                             25.265953   data required time
                                             -5.456645   data arrival time
---------------------------------------------------------------------------------------------
                                             19.809309   slack (MET)


Startpoint: rst_n (input port clocked by clk)
Endpoint: _069_ (recovery check against rising-edge clock clk)
Path Group: asynchronous
Path Type: max

Fanout         Cap        Slew       Delay        Time   Description
---------------------------------------------------------------------------------------------
                                  0.000000    0.000000   clock clk (rise edge)
                                  0.000000    0.000000   clock network delay (propagated)
                                  5.000000    5.000000 ^ input external delay
     1    0.002470    0.018331    0.009143    5.009143 ^ rst_n (in)
                                                         rst_n (net)
                      0.018331    0.000000    5.009143 ^ input1/A (sky130_fd_sc_hd__buf_1)
     2    0.016222    0.195375    0.177047    5.186190 ^ input1/X (sky130_fd_sc_hd__buf_1)
                                                         net1 (net)
                      0.195380    0.000790    5.186980 ^ fanout4/A (sky130_fd_sc_hd__clkbuf_4)
    10    0.048748    0.153446    0.267819    5.454800 ^ fanout4/X (sky130_fd_sc_hd__clkbuf_4)
                                                         net4 (net)
                      0.153451    0.001122    5.455921 ^ _069_/RESET_B (sky130_fd_sc_hd__dfrtp_1)
                                              5.455921   data arrival time

                                 25.000000   25.000000   clock clk (rise edge)
                                  0.000000   25.000000   clock source latency
     1    0.015870    0.077338    0.052998   25.052998 ^ clk (in)
                                                         clk (net)
                      0.077353    0.000000   25.052998 ^ clkbuf_0_clk/A (sky130_fd_sc_hd__clkbuf_16)
     2    0.020156    0.042006    0.137414   25.190411 ^ clkbuf_0_clk/X (sky130_fd_sc_hd__clkbuf_16)
                                                         clknet_0_clk (net)
                      0.042007    0.000313   25.190723 ^ clkbuf_1_1__f_clk/A (sky130_fd_sc_hd__clkbuf_16)
     6    0.019354    0.041293    0.123659   25.314383 ^ clkbuf_1_1__f_clk/X (sky130_fd_sc_hd__clkbuf_16)
                                                         clknet_1_1__leaf_clk (net)
                      0.041293    0.000179   25.314562 ^ _069_/CLK (sky130_fd_sc_hd__dfrtp_1)
                                 -0.250000   25.064562   clock uncertainty
                                  0.000000   25.064562   clock reconvergence pessimism
                                  0.201102   25.265663   library recovery time
                                             25.265663   data required time
---------------------------------------------------------------------------------------------
                                             25.265663   data required time
                                             -5.455921   data arrival time
---------------------------------------------------------------------------------------------
                                             19.809744   slack (MET)


Startpoint: rst_n (input port clocked by clk)
Endpoint: _066_ (recovery check against rising-edge clock clk)
Path Group: asynchronous
Path Type: max

Fanout         Cap        Slew       Delay        Time   Description
---------------------------------------------------------------------------------------------
                                  0.000000    0.000000   clock clk (rise edge)
                                  0.000000    0.000000   clock network delay (propagated)
                                  5.000000    5.000000 ^ input external delay
     1    0.002470    0.018331    0.009143    5.009143 ^ rst_n (in)
                                                         rst_n (net)
                      0.018331    0.000000    5.009143 ^ input1/A (sky130_fd_sc_hd__buf_1)
     2    0.016222    0.195375    0.177047    5.186190 ^ input1/X (sky130_fd_sc_hd__buf_1)
                                                         net1 (net)
                      0.195380    0.000790    5.186980 ^ fanout4/A (sky130_fd_sc_hd__clkbuf_4)
    10    0.048748    0.153446    0.267819    5.454800 ^ fanout4/X (sky130_fd_sc_hd__clkbuf_4)
                                                         net4 (net)
                      0.153448    0.000922    5.455722 ^ _066_/RESET_B (sky130_fd_sc_hd__dfrtp_1)
                                              5.455722   data arrival time

                                 25.000000   25.000000   clock clk (rise edge)
                                  0.000000   25.000000   clock source latency
     1    0.015870    0.077338    0.052998   25.052998 ^ clk (in)
                                                         clk (net)
                      0.077353    0.000000   25.052998 ^ clkbuf_0_clk/A (sky130_fd_sc_hd__clkbuf_16)
     2    0.020156    0.042006    0.137414   25.190411 ^ clkbuf_0_clk/X (sky130_fd_sc_hd__clkbuf_16)
                                                         clknet_0_clk (net)
                      0.042007    0.000313   25.190723 ^ clkbuf_1_1__f_clk/A (sky130_fd_sc_hd__clkbuf_16)
     6    0.019354    0.041293    0.123659   25.314383 ^ clkbuf_1_1__f_clk/X (sky130_fd_sc_hd__clkbuf_16)
                                                         clknet_1_1__leaf_clk (net)
                      0.041293    0.000201   25.314583 ^ _066_/CLK (sky130_fd_sc_hd__dfrtp_1)
                                 -0.250000   25.064585   clock uncertainty
                                  0.000000   25.064585   clock reconvergence pessimism
                                  0.201103   25.265688   library recovery time
                                             25.265688   data required time
---------------------------------------------------------------------------------------------
                                             25.265688   data required time
                                             -5.455722   data arrival time
---------------------------------------------------------------------------------------------
                                             19.809965   slack (MET)


Startpoint: rst_n (input port clocked by clk)
Endpoint: _068_ (recovery check against rising-edge clock clk)
Path Group: asynchronous
Path Type: max

Fanout         Cap        Slew       Delay        Time   Description
---------------------------------------------------------------------------------------------
                                  0.000000    0.000000   clock clk (rise edge)
                                  0.000000    0.000000   clock network delay (propagated)
                                  5.000000    5.000000 ^ input external delay
     1    0.002470    0.018331    0.009143    5.009143 ^ rst_n (in)
                                                         rst_n (net)
                      0.018331    0.000000    5.009143 ^ input1/A (sky130_fd_sc_hd__buf_1)
     2    0.016222    0.195375    0.177047    5.186190 ^ input1/X (sky130_fd_sc_hd__buf_1)
                                                         net1 (net)
                      0.195380    0.000790    5.186980 ^ fanout4/A (sky130_fd_sc_hd__clkbuf_4)
    10    0.048748    0.153446    0.267819    5.454800 ^ fanout4/X (sky130_fd_sc_hd__clkbuf_4)
                                                         net4 (net)
                      0.153446    0.000500    5.455300 ^ _068_/RESET_B (sky130_fd_sc_hd__dfrtp_1)
                                              5.455300   data arrival time

                                 25.000000   25.000000   clock clk (rise edge)
                                  0.000000   25.000000   clock source latency
     1    0.015870    0.077338    0.052998   25.052998 ^ clk (in)
                                                         clk (net)
                      0.077353    0.000000   25.052998 ^ clkbuf_0_clk/A (sky130_fd_sc_hd__clkbuf_16)
     2    0.020156    0.042006    0.137414   25.190411 ^ clkbuf_0_clk/X (sky130_fd_sc_hd__clkbuf_16)
                                                         clknet_0_clk (net)
                      0.042007    0.000313   25.190723 ^ clkbuf_1_1__f_clk/A (sky130_fd_sc_hd__clkbuf_16)
     6    0.019354    0.041293    0.123659   25.314383 ^ clkbuf_1_1__f_clk/X (sky130_fd_sc_hd__clkbuf_16)
                                                         clknet_1_1__leaf_clk (net)
                      0.041294    0.000346   25.314730 ^ _068_/CLK (sky130_fd_sc_hd__dfrtp_1)
                                 -0.250000   25.064730   clock uncertainty
                                  0.000000   25.064730   clock reconvergence pessimism
                                  0.201104   25.265833   library recovery time
                                             25.265833   data required time
---------------------------------------------------------------------------------------------
                                             25.265833   data required time
                                             -5.455300   data arrival time
---------------------------------------------------------------------------------------------
                                             19.810532   slack (MET)


Startpoint: rst_n (input port clocked by clk)
Endpoint: _076_ (recovery check against rising-edge clock clk)
Path Group: asynchronous
Path Type: max

Fanout         Cap        Slew       Delay        Time   Description
---------------------------------------------------------------------------------------------
                                  0.000000    0.000000   clock clk (rise edge)
                                  0.000000    0.000000   clock network delay (propagated)
                                  5.000000    5.000000 ^ input external delay
     1    0.002470    0.018331    0.009143    5.009143 ^ rst_n (in)
                                                         rst_n (net)
                      0.018331    0.000000    5.009143 ^ input1/A (sky130_fd_sc_hd__buf_1)
     2    0.016222    0.195375    0.177047    5.186190 ^ input1/X (sky130_fd_sc_hd__buf_1)
                                                         net1 (net)
                      0.195381    0.000922    5.187113 ^ _076_/SET_B (sky130_fd_sc_hd__dfstp_1)
                                              5.187113   data arrival time

                                 25.000000   25.000000   clock clk (rise edge)
                                  0.000000   25.000000   clock source latency
     1    0.015870    0.077338    0.052998   25.052998 ^ clk (in)
                                                         clk (net)
                      0.077353    0.000000   25.052998 ^ clkbuf_0_clk/A (sky130_fd_sc_hd__clkbuf_16)
     2    0.020156    0.042006    0.137414   25.190411 ^ clkbuf_0_clk/X (sky130_fd_sc_hd__clkbuf_16)
                                                         clknet_0_clk (net)
                      0.042007    0.000313   25.190723 ^ clkbuf_1_1__f_clk/A (sky130_fd_sc_hd__clkbuf_16)
     6    0.019354    0.041293    0.123659   25.314383 ^ clkbuf_1_1__f_clk/X (sky130_fd_sc_hd__clkbuf_16)
                                                         clknet_1_1__leaf_clk (net)
                      0.041295    0.000469   25.314852 ^ _076_/CLK (sky130_fd_sc_hd__dfstp_1)
                                 -0.250000   25.064852   clock uncertainty
                                  0.000000   25.064852   clock reconvergence pessimism
                                  0.121991   25.186844   library recovery time
                                             25.186844   data required time
---------------------------------------------------------------------------------------------
                                             25.186844   data required time
                                             -5.187113   data arrival time
---------------------------------------------------------------------------------------------
                                             19.999731   slack (MET)


Startpoint: _070_ (rising edge-triggered flip-flop clocked by clk)
Endpoint: _076_ (rising edge-triggered flip-flop clocked by clk)
Path Group: clk
Path Type: max

Fanout         Cap        Slew       Delay        Time   Description
---------------------------------------------------------------------------------------------
                                  0.000000    0.000000   clock clk (rise edge)
                                  0.000000    0.000000   clock source latency
     1    0.015870    0.077338    0.052998    0.052998 ^ clk (in)
                                                         clk (net)
                      0.077353    0.000000    0.052998 ^ clkbuf_0_clk/A (sky130_fd_sc_hd__clkbuf_16)
     2    0.020156    0.042006    0.137412    0.190410 ^ clkbuf_0_clk/X (sky130_fd_sc_hd__clkbuf_16)
                                                         clknet_0_clk (net)
                      0.042006    0.000206    0.190616 ^ clkbuf_1_0__f_clk/A (sky130_fd_sc_hd__clkbuf_16)
     6    0.016776    0.039102    0.121279    0.311895 ^ clkbuf_1_0__f_clk/X (sky130_fd_sc_hd__clkbuf_16)
                                                         clknet_1_0__leaf_clk (net)
                      0.039102    0.000107    0.312003 ^ _070_/CLK (sky130_fd_sc_hd__dfrtp_1)
     6    0.017942    0.105539    0.421645    0.733648 v _070_/Q (sky130_fd_sc_hd__dfrtp_1)
                                                         top_inst.src1.count_q[4] (net)
                      0.105539    0.000210    0.733858 v _036_/B (sky130_fd_sc_hd__or4_1)
     2    0.005476    0.099766    0.539156    1.273014 v _036_/X (sky130_fd_sc_hd__or4_1)
                                                         _014_ (net)
                      0.099766    0.000040    1.273054 v _038_/C (sky130_fd_sc_hd__or4_2)
     4    0.014682    0.144551    0.692465    1.965519 v _038_/X (sky130_fd_sc_hd__or4_2)
                                                         _016_ (net)
                      0.144551    0.000286    1.965805 v _065_/S (sky130_fd_sc_hd__mux2_1)
     1    0.002691    0.054367    0.338719    2.304524 v _065_/X (sky130_fd_sc_hd__mux2_1)
                                                         _010_ (net)
                      0.054367    0.000025    2.304549 v _076_/D (sky130_fd_sc_hd__dfstp_1)
                                              2.304549   data arrival time

                                 25.000000   25.000000   clock clk (rise edge)
                                  0.000000   25.000000   clock source latency
     1    0.015870    0.077338    0.052998   25.052998 ^ clk (in)
                                                         clk (net)
                      0.077353    0.000000   25.052998 ^ clkbuf_0_clk/A (sky130_fd_sc_hd__clkbuf_16)
     2    0.020156    0.042006    0.137414   25.190411 ^ clkbuf_0_clk/X (sky130_fd_sc_hd__clkbuf_16)
                                                         clknet_0_clk (net)
                      0.042007    0.000313   25.190723 ^ clkbuf_1_1__f_clk/A (sky130_fd_sc_hd__clkbuf_16)
     6    0.019354    0.041293    0.123659   25.314383 ^ clkbuf_1_1__f_clk/X (sky130_fd_sc_hd__clkbuf_16)
                                                         clknet_1_1__leaf_clk (net)
                      0.041295    0.000469   25.314852 ^ _076_/CLK (sky130_fd_sc_hd__dfstp_1)
                                 -0.250000   25.064852   clock uncertainty
                                  0.000000   25.064852   clock reconvergence pessimism
                                 -0.073200   24.991652   library setup time
                                             24.991652   data required time
---------------------------------------------------------------------------------------------
                                             24.991652   data required time
                                             -2.304549   data arrival time
---------------------------------------------------------------------------------------------
                                             22.687103   slack (MET)


Startpoint: _070_ (rising edge-triggered flip-flop clocked by clk)
Endpoint: _070_ (rising edge-triggered flip-flop clocked by clk)
Path Group: clk
Path Type: max

Fanout         Cap        Slew       Delay        Time   Description
---------------------------------------------------------------------------------------------
                                  0.000000    0.000000   clock clk (rise edge)
                                  0.000000    0.000000   clock source latency
     1    0.015870    0.077338    0.052998    0.052998 ^ clk (in)
                                                         clk (net)
                      0.077353    0.000000    0.052998 ^ clkbuf_0_clk/A (sky130_fd_sc_hd__clkbuf_16)
     2    0.020156    0.042006    0.137412    0.190410 ^ clkbuf_0_clk/X (sky130_fd_sc_hd__clkbuf_16)
                                                         clknet_0_clk (net)
                      0.042006    0.000206    0.190616 ^ clkbuf_1_0__f_clk/A (sky130_fd_sc_hd__clkbuf_16)
     6    0.016776    0.039102    0.121279    0.311895 ^ clkbuf_1_0__f_clk/X (sky130_fd_sc_hd__clkbuf_16)
                                                         clknet_1_0__leaf_clk (net)
                      0.039102    0.000107    0.312003 ^ _070_/CLK (sky130_fd_sc_hd__dfrtp_1)
     6    0.017942    0.105539    0.421645    0.733648 v _070_/Q (sky130_fd_sc_hd__dfrtp_1)
                                                         top_inst.src1.count_q[4] (net)
                      0.105539    0.000210    0.733858 v _036_/B (sky130_fd_sc_hd__or4_1)
     2    0.005476    0.099766    0.539156    1.273014 v _036_/X (sky130_fd_sc_hd__or4_1)
                                                         _014_ (net)
                      0.099766    0.000040    1.273054 v _038_/C (sky130_fd_sc_hd__or4_2)
     4    0.014682    0.144551    0.692465    1.965519 v _038_/X (sky130_fd_sc_hd__or4_2)
                                                         _016_ (net)
                      0.144551    0.000190    1.965708 v _055_/C1 (sky130_fd_sc_hd__o2111a_1)
     1    0.003684    0.046520    0.174568    2.140277 v _055_/X (sky130_fd_sc_hd__o2111a_1)
                                                         _006_ (net)
                      0.046520    0.000057    2.140334 v _070_/D (sky130_fd_sc_hd__dfrtp_1)
                                              2.140334   data arrival time

                                 25.000000   25.000000   clock clk (rise edge)
                                  0.000000   25.000000   clock source latency
     1    0.015870    0.077338    0.052998   25.052998 ^ clk (in)
                                                         clk (net)
                      0.077353    0.000000   25.052998 ^ clkbuf_0_clk/A (sky130_fd_sc_hd__clkbuf_16)
     2    0.020156    0.042006    0.137414   25.190411 ^ clkbuf_0_clk/X (sky130_fd_sc_hd__clkbuf_16)
                                                         clknet_0_clk (net)
                      0.042006    0.000204   25.190615 ^ clkbuf_1_0__f_clk/A (sky130_fd_sc_hd__clkbuf_16)
     6    0.016776    0.039102    0.121279   25.311893 ^ clkbuf_1_0__f_clk/X (sky130_fd_sc_hd__clkbuf_16)
                                                         clknet_1_0__leaf_clk (net)
                      0.039102    0.000108   25.312002 ^ _070_/CLK (sky130_fd_sc_hd__dfrtp_1)
                                 -0.250000   25.062002   clock uncertainty
                                  0.000000   25.062002   clock reconvergence pessimism
                                 -0.116286   24.945717   library setup time
                                             24.945717   data required time
---------------------------------------------------------------------------------------------
                                             24.945717   data required time
                                             -2.140334   data arrival time
---------------------------------------------------------------------------------------------
                                             22.805384   slack (MET)


Startpoint: _070_ (rising edge-triggered flip-flop clocked by clk)
Endpoint: _066_ (rising edge-triggered flip-flop clocked by clk)
Path Group: clk
Path Type: max

Fanout         Cap        Slew       Delay        Time   Description
---------------------------------------------------------------------------------------------
                                  0.000000    0.000000   clock clk (rise edge)
                                  0.000000    0.000000   clock source latency
     1    0.015870    0.077338    0.052998    0.052998 ^ clk (in)
                                                         clk (net)
                      0.077353    0.000000    0.052998 ^ clkbuf_0_clk/A (sky130_fd_sc_hd__clkbuf_16)
     2    0.020156    0.042006    0.137412    0.190410 ^ clkbuf_0_clk/X (sky130_fd_sc_hd__clkbuf_16)
                                                         clknet_0_clk (net)
                      0.042006    0.000206    0.190616 ^ clkbuf_1_0__f_clk/A (sky130_fd_sc_hd__clkbuf_16)
     6    0.016776    0.039102    0.121279    0.311895 ^ clkbuf_1_0__f_clk/X (sky130_fd_sc_hd__clkbuf_16)
                                                         clknet_1_0__leaf_clk (net)
                      0.039102    0.000107    0.312003 ^ _070_/CLK (sky130_fd_sc_hd__dfrtp_1)
     6    0.017942    0.105539    0.421645    0.733648 v _070_/Q (sky130_fd_sc_hd__dfrtp_1)
                                                         top_inst.src1.count_q[4] (net)
                      0.105539    0.000210    0.733858 v _036_/B (sky130_fd_sc_hd__or4_1)
     2    0.005476    0.099766    0.539156    1.273014 v _036_/X (sky130_fd_sc_hd__or4_1)
                                                         _014_ (net)
                      0.099766    0.000064    1.273078 v _041_/A3 (sky130_fd_sc_hd__o41a_2)
     7    0.022591    0.114545    0.521902    1.794980 v _041_/X (sky130_fd_sc_hd__o41a_2)
                                                         _017_ (net)
                      0.114545    0.000266    1.795246 v _044_/C (sky130_fd_sc_hd__and3b_1)
     1    0.002967    0.037877    0.204433    1.999679 v _044_/X (sky130_fd_sc_hd__and3b_1)
                                                         _002_ (net)
                      0.037877    0.000036    1.999715 v _066_/D (sky130_fd_sc_hd__dfrtp_1)
                                              1.999715   data arrival time

                                 25.000000   25.000000   clock clk (rise edge)
                                  0.000000   25.000000   clock source latency
     1    0.015870    0.077338    0.052998   25.052998 ^ clk (in)
                                                         clk (net)
                      0.077353    0.000000   25.052998 ^ clkbuf_0_clk/A (sky130_fd_sc_hd__clkbuf_16)
     2    0.020156    0.042006    0.137414   25.190411 ^ clkbuf_0_clk/X (sky130_fd_sc_hd__clkbuf_16)
                                                         clknet_0_clk (net)
                      0.042007    0.000313   25.190723 ^ clkbuf_1_1__f_clk/A (sky130_fd_sc_hd__clkbuf_16)
     6    0.019354    0.041293    0.123659   25.314383 ^ clkbuf_1_1__f_clk/X (sky130_fd_sc_hd__clkbuf_16)
                                                         clknet_1_1__leaf_clk (net)
                      0.041293    0.000201   25.314583 ^ _066_/CLK (sky130_fd_sc_hd__dfrtp_1)
                                 -0.250000   25.064585   clock uncertainty
                                  0.000000   25.064585   clock reconvergence pessimism
                                 -0.112013   24.952570   library setup time
                                             24.952570   data required time
---------------------------------------------------------------------------------------------
                                             24.952570   data required time
                                             -1.999715   data arrival time
---------------------------------------------------------------------------------------------
                                             22.952856   slack (MET)


Startpoint: _070_ (rising edge-triggered flip-flop clocked by clk)
Endpoint: _071_ (rising edge-triggered flip-flop clocked by clk)
Path Group: clk
Path Type: max

Fanout         Cap        Slew       Delay        Time   Description
---------------------------------------------------------------------------------------------
                                  0.000000    0.000000   clock clk (rise edge)
                                  0.000000    0.000000   clock source latency
     1    0.015870    0.077338    0.052998    0.052998 ^ clk (in)
                                                         clk (net)
                      0.077353    0.000000    0.052998 ^ clkbuf_0_clk/A (sky130_fd_sc_hd__clkbuf_16)
     2    0.020156    0.042006    0.137412    0.190410 ^ clkbuf_0_clk/X (sky130_fd_sc_hd__clkbuf_16)
                                                         clknet_0_clk (net)
                      0.042006    0.000206    0.190616 ^ clkbuf_1_0__f_clk/A (sky130_fd_sc_hd__clkbuf_16)
     6    0.016776    0.039102    0.121279    0.311895 ^ clkbuf_1_0__f_clk/X (sky130_fd_sc_hd__clkbuf_16)
                                                         clknet_1_0__leaf_clk (net)
                      0.039102    0.000107    0.312003 ^ _070_/CLK (sky130_fd_sc_hd__dfrtp_1)
     6    0.017942    0.105539    0.421645    0.733648 v _070_/Q (sky130_fd_sc_hd__dfrtp_1)
                                                         top_inst.src1.count_q[4] (net)
                      0.105539    0.000210    0.733858 v _036_/B (sky130_fd_sc_hd__or4_1)
     2    0.005476    0.099766    0.539156    1.273014 v _036_/X (sky130_fd_sc_hd__or4_1)
                                                         _014_ (net)
                      0.099766    0.000064    1.273078 v _041_/A3 (sky130_fd_sc_hd__o41a_2)
     7    0.022591    0.114545    0.521902    1.794980 v _041_/X (sky130_fd_sc_hd__o41a_2)
                                                         _017_ (net)
                      0.114547    0.000711    1.795691 v _058_/B (sky130_fd_sc_hd__and3b_1)
     1    0.002270    0.034317    0.184546    1.980237 v _058_/X (sky130_fd_sc_hd__and3b_1)
                                                         _007_ (net)
                      0.034317    0.000020    1.980257 v _071_/D (sky130_fd_sc_hd__dfrtp_1)
                                              1.980257   data arrival time

                                 25.000000   25.000000   clock clk (rise edge)
                                  0.000000   25.000000   clock source latency
     1    0.015870    0.077338    0.052998   25.052998 ^ clk (in)
                                                         clk (net)
                      0.077353    0.000000   25.052998 ^ clkbuf_0_clk/A (sky130_fd_sc_hd__clkbuf_16)
     2    0.020156    0.042006    0.137414   25.190411 ^ clkbuf_0_clk/X (sky130_fd_sc_hd__clkbuf_16)
                                                         clknet_0_clk (net)
                      0.042006    0.000204   25.190615 ^ clkbuf_1_0__f_clk/A (sky130_fd_sc_hd__clkbuf_16)
     6    0.016776    0.039102    0.121279   25.311893 ^ clkbuf_1_0__f_clk/X (sky130_fd_sc_hd__clkbuf_16)
                                                         clknet_1_0__leaf_clk (net)
                      0.039102    0.000099   25.311993 ^ _071_/CLK (sky130_fd_sc_hd__dfrtp_1)
                                 -0.250000   25.061995   clock uncertainty
                                  0.000000   25.061995   clock reconvergence pessimism
                                 -0.110960   24.951035   library setup time
                                             24.951035   data required time
---------------------------------------------------------------------------------------------
                                             24.951035   data required time
                                             -1.980257   data arrival time
---------------------------------------------------------------------------------------------
                                             22.970778   slack (MET)


Startpoint: _070_ (rising edge-triggered flip-flop clocked by clk)
Endpoint: _068_ (rising edge-triggered flip-flop clocked by clk)
Path Group: clk
Path Type: max

Fanout         Cap        Slew       Delay        Time   Description
---------------------------------------------------------------------------------------------
                                  0.000000    0.000000   clock clk (rise edge)
                                  0.000000    0.000000   clock source latency
     1    0.015870    0.077338    0.052998    0.052998 ^ clk (in)
                                                         clk (net)
                      0.077353    0.000000    0.052998 ^ clkbuf_0_clk/A (sky130_fd_sc_hd__clkbuf_16)
     2    0.020156    0.042006    0.137412    0.190410 ^ clkbuf_0_clk/X (sky130_fd_sc_hd__clkbuf_16)
                                                         clknet_0_clk (net)
                      0.042006    0.000206    0.190616 ^ clkbuf_1_0__f_clk/A (sky130_fd_sc_hd__clkbuf_16)
     6    0.016776    0.039102    0.121279    0.311895 ^ clkbuf_1_0__f_clk/X (sky130_fd_sc_hd__clkbuf_16)
                                                         clknet_1_0__leaf_clk (net)
                      0.039102    0.000107    0.312003 ^ _070_/CLK (sky130_fd_sc_hd__dfrtp_1)
     6    0.017942    0.105539    0.421645    0.733648 v _070_/Q (sky130_fd_sc_hd__dfrtp_1)
                                                         top_inst.src1.count_q[4] (net)
                      0.105539    0.000210    0.733858 v _036_/B (sky130_fd_sc_hd__or4_1)
     2    0.005476    0.099766    0.539156    1.273014 v _036_/X (sky130_fd_sc_hd__or4_1)
                                                         _014_ (net)
                      0.099766    0.000064    1.273078 v _041_/A3 (sky130_fd_sc_hd__o41a_2)
     7    0.022591    0.114545    0.521902    1.794980 v _041_/X (sky130_fd_sc_hd__o41a_2)
                                                         _017_ (net)
                      0.114545    0.000434    1.795414 v _050_/B (sky130_fd_sc_hd__and3b_1)
     1    0.002375    0.034716    0.185234    1.980648 v _050_/X (sky130_fd_sc_hd__and3b_1)
                                                         _004_ (net)
                      0.034716    0.000021    1.980669 v _068_/D (sky130_fd_sc_hd__dfrtp_1)
                                              1.980669   data arrival time

                                 25.000000   25.000000   clock clk (rise edge)
                                  0.000000   25.000000   clock source latency
     1    0.015870    0.077338    0.052998   25.052998 ^ clk (in)
                                                         clk (net)
                      0.077353    0.000000   25.052998 ^ clkbuf_0_clk/A (sky130_fd_sc_hd__clkbuf_16)
     2    0.020156    0.042006    0.137414   25.190411 ^ clkbuf_0_clk/X (sky130_fd_sc_hd__clkbuf_16)
                                                         clknet_0_clk (net)
                      0.042007    0.000313   25.190723 ^ clkbuf_1_1__f_clk/A (sky130_fd_sc_hd__clkbuf_16)
     6    0.019354    0.041293    0.123659   25.314383 ^ clkbuf_1_1__f_clk/X (sky130_fd_sc_hd__clkbuf_16)
                                                         clknet_1_1__leaf_clk (net)
                      0.041294    0.000346   25.314730 ^ _068_/CLK (sky130_fd_sc_hd__dfrtp_1)
                                 -0.250000   25.064730   clock uncertainty
                                  0.000000   25.064730   clock reconvergence pessimism
                                 -0.110634   24.954096   library setup time
                                             24.954096   data required time
---------------------------------------------------------------------------------------------
                                             24.954096   data required time
                                             -1.980669   data arrival time
---------------------------------------------------------------------------------------------
                                             22.973429   slack (MET)


Startpoint: _070_ (rising edge-triggered flip-flop clocked by clk)
Endpoint: _067_ (rising edge-triggered flip-flop clocked by clk)
Path Group: clk
Path Type: max

Fanout         Cap        Slew       Delay        Time   Description
---------------------------------------------------------------------------------------------
                                  0.000000    0.000000   clock clk (rise edge)
                                  0.000000    0.000000   clock source latency
     1    0.015870    0.077338    0.052998    0.052998 ^ clk (in)
                                                         clk (net)
                      0.077353    0.000000    0.052998 ^ clkbuf_0_clk/A (sky130_fd_sc_hd__clkbuf_16)
     2    0.020156    0.042006    0.137412    0.190410 ^ clkbuf_0_clk/X (sky130_fd_sc_hd__clkbuf_16)
                                                         clknet_0_clk (net)
                      0.042006    0.000206    0.190616 ^ clkbuf_1_0__f_clk/A (sky130_fd_sc_hd__clkbuf_16)
     6    0.016776    0.039102    0.121279    0.311895 ^ clkbuf_1_0__f_clk/X (sky130_fd_sc_hd__clkbuf_16)
                                                         clknet_1_0__leaf_clk (net)
                      0.039102    0.000107    0.312003 ^ _070_/CLK (sky130_fd_sc_hd__dfrtp_1)
     6    0.017942    0.105539    0.421645    0.733648 v _070_/Q (sky130_fd_sc_hd__dfrtp_1)
                                                         top_inst.src1.count_q[4] (net)
                      0.105539    0.000210    0.733858 v _036_/B (sky130_fd_sc_hd__or4_1)
     2    0.005476    0.099766    0.539156    1.273014 v _036_/X (sky130_fd_sc_hd__or4_1)
                                                         _014_ (net)
                      0.099766    0.000064    1.273078 v _041_/A3 (sky130_fd_sc_hd__o41a_2)
     7    0.022591    0.114545    0.521902    1.794980 v _041_/X (sky130_fd_sc_hd__o41a_2)
                                                         _017_ (net)
                      0.114545    0.000474    1.795454 v _047_/A (sky130_fd_sc_hd__and3_1)
     1    0.002424    0.034877    0.166763    1.962216 v _047_/X (sky130_fd_sc_hd__and3_1)
                                                         _003_ (net)
                      0.034877    0.000022    1.962238 v _067_/D (sky130_fd_sc_hd__dfrtp_1)
                                              1.962238   data arrival time

                                 25.000000   25.000000   clock clk (rise edge)
                                  0.000000   25.000000   clock source latency
     1    0.015870    0.077338    0.052998   25.052998 ^ clk (in)
                                                         clk (net)
                      0.077353    0.000000   25.052998 ^ clkbuf_0_clk/A (sky130_fd_sc_hd__clkbuf_16)
     2    0.020156    0.042006    0.137414   25.190411 ^ clkbuf_0_clk/X (sky130_fd_sc_hd__clkbuf_16)
                                                         clknet_0_clk (net)
                      0.042007    0.000313   25.190723 ^ clkbuf_1_1__f_clk/A (sky130_fd_sc_hd__clkbuf_16)
     6    0.019354    0.041293    0.123659   25.314383 ^ clkbuf_1_1__f_clk/X (sky130_fd_sc_hd__clkbuf_16)
                                                         clknet_1_1__leaf_clk (net)
                      0.041294    0.000442   25.314825 ^ _067_/CLK (sky130_fd_sc_hd__dfrtp_1)
                                 -0.250000   25.064825   clock uncertainty
                                  0.000000   25.064825   clock reconvergence pessimism
                                 -0.110704   24.954121   library setup time
                                             24.954121   data required time
---------------------------------------------------------------------------------------------
                                             24.954121   data required time
                                             -1.962238   data arrival time
---------------------------------------------------------------------------------------------
                                             22.991882   slack (MET)


Startpoint: _070_ (rising edge-triggered flip-flop clocked by clk)
Endpoint: _073_ (rising edge-triggered flip-flop clocked by clk)
Path Group: clk
Path Type: max

Fanout         Cap        Slew       Delay        Time   Description
---------------------------------------------------------------------------------------------
                                  0.000000    0.000000   clock clk (rise edge)
                                  0.000000    0.000000   clock source latency
     1    0.015870    0.077338    0.052998    0.052998 ^ clk (in)
                                                         clk (net)
                      0.077353    0.000000    0.052998 ^ clkbuf_0_clk/A (sky130_fd_sc_hd__clkbuf_16)
     2    0.020156    0.042006    0.137412    0.190410 ^ clkbuf_0_clk/X (sky130_fd_sc_hd__clkbuf_16)
                                                         clknet_0_clk (net)
                      0.042006    0.000206    0.190616 ^ clkbuf_1_0__f_clk/A (sky130_fd_sc_hd__clkbuf_16)
     6    0.016776    0.039102    0.121279    0.311895 ^ clkbuf_1_0__f_clk/X (sky130_fd_sc_hd__clkbuf_16)
                                                         clknet_1_0__leaf_clk (net)
                      0.039102    0.000107    0.312003 ^ _070_/CLK (sky130_fd_sc_hd__dfrtp_1)
     6    0.017942    0.105539    0.421645    0.733648 v _070_/Q (sky130_fd_sc_hd__dfrtp_1)
                                                         top_inst.src1.count_q[4] (net)
                      0.105539    0.000210    0.733858 v _036_/B (sky130_fd_sc_hd__or4_1)
     2    0.005476    0.099766    0.539156    1.273014 v _036_/X (sky130_fd_sc_hd__or4_1)
                                                         _014_ (net)
                      0.099766    0.000064    1.273078 v _041_/A3 (sky130_fd_sc_hd__o41a_2)
     7    0.022591    0.114545    0.521902    1.794980 v _041_/X (sky130_fd_sc_hd__o41a_2)
                                                         _017_ (net)
                      0.114546    0.000603    1.795583 v _064_/A (sky130_fd_sc_hd__and3_1)
     1    0.002236    0.034056    0.165574    1.961156 v _064_/X (sky130_fd_sc_hd__and3_1)
                                                         _009_ (net)
                      0.034056    0.000019    1.961176 v _073_/D (sky130_fd_sc_hd__dfrtp_1)
                                              1.961176   data arrival time

                                 25.000000   25.000000   clock clk (rise edge)
                                  0.000000   25.000000   clock source latency
     1    0.015870    0.077338    0.052998   25.052998 ^ clk (in)
                                                         clk (net)
                      0.077353    0.000000   25.052998 ^ clkbuf_0_clk/A (sky130_fd_sc_hd__clkbuf_16)
     2    0.020156    0.042006    0.137414   25.190411 ^ clkbuf_0_clk/X (sky130_fd_sc_hd__clkbuf_16)
                                                         clknet_0_clk (net)
                      0.042007    0.000313   25.190723 ^ clkbuf_1_1__f_clk/A (sky130_fd_sc_hd__clkbuf_16)
     6    0.019354    0.041293    0.123659   25.314383 ^ clkbuf_1_1__f_clk/X (sky130_fd_sc_hd__clkbuf_16)
                                                         clknet_1_1__leaf_clk (net)
                      0.041295    0.000473   25.314856 ^ _073_/CLK (sky130_fd_sc_hd__dfrtp_1)
                                 -0.250000   25.064856   clock uncertainty
                                  0.000000   25.064856   clock reconvergence pessimism
                                 -0.110346   24.954510   library setup time
                                             24.954510   data required time
---------------------------------------------------------------------------------------------
                                             24.954510   data required time
                                             -1.961176   data arrival time
---------------------------------------------------------------------------------------------
                                             22.993334   slack (MET)


Startpoint: _070_ (rising edge-triggered flip-flop clocked by clk)
Endpoint: _069_ (rising edge-triggered flip-flop clocked by clk)
Path Group: clk
Path Type: max

Fanout         Cap        Slew       Delay        Time   Description
---------------------------------------------------------------------------------------------
                                  0.000000    0.000000   clock clk (rise edge)
                                  0.000000    0.000000   clock source latency
     1    0.015870    0.077338    0.052998    0.052998 ^ clk (in)
                                                         clk (net)
                      0.077353    0.000000    0.052998 ^ clkbuf_0_clk/A (sky130_fd_sc_hd__clkbuf_16)
     2    0.020156    0.042006    0.137412    0.190410 ^ clkbuf_0_clk/X (sky130_fd_sc_hd__clkbuf_16)
                                                         clknet_0_clk (net)
                      0.042006    0.000206    0.190616 ^ clkbuf_1_0__f_clk/A (sky130_fd_sc_hd__clkbuf_16)
     6    0.016776    0.039102    0.121279    0.311895 ^ clkbuf_1_0__f_clk/X (sky130_fd_sc_hd__clkbuf_16)
                                                         clknet_1_0__leaf_clk (net)
                      0.039102    0.000107    0.312003 ^ _070_/CLK (sky130_fd_sc_hd__dfrtp_1)
     6    0.017942    0.105539    0.421645    0.733648 v _070_/Q (sky130_fd_sc_hd__dfrtp_1)
                                                         top_inst.src1.count_q[4] (net)
                      0.105539    0.000210    0.733858 v _036_/B (sky130_fd_sc_hd__or4_1)
     2    0.005476    0.099766    0.539156    1.273014 v _036_/X (sky130_fd_sc_hd__or4_1)
                                                         _014_ (net)
                      0.099766    0.000064    1.273078 v _041_/A3 (sky130_fd_sc_hd__o41a_2)
     7    0.022591    0.114545    0.521902    1.794980 v _041_/X (sky130_fd_sc_hd__o41a_2)
                                                         _017_ (net)
                      0.114545    0.000414    1.795394 v _053_/C1 (sky130_fd_sc_hd__o211a_1)
     1    0.003660    0.042810    0.139458    1.934851 v _053_/X (sky130_fd_sc_hd__o211a_1)
                                                         _005_ (net)
                      0.042810    0.000052    1.934903 v _069_/D (sky130_fd_sc_hd__dfrtp_1)
                                              1.934903   data arrival time

                                 25.000000   25.000000   clock clk (rise edge)
                                  0.000000   25.000000   clock source latency
     1    0.015870    0.077338    0.052998   25.052998 ^ clk (in)
                                                         clk (net)
                      0.077353    0.000000   25.052998 ^ clkbuf_0_clk/A (sky130_fd_sc_hd__clkbuf_16)
     2    0.020156    0.042006    0.137414   25.190411 ^ clkbuf_0_clk/X (sky130_fd_sc_hd__clkbuf_16)
                                                         clknet_0_clk (net)
                      0.042007    0.000313   25.190723 ^ clkbuf_1_1__f_clk/A (sky130_fd_sc_hd__clkbuf_16)
     6    0.019354    0.041293    0.123659   25.314383 ^ clkbuf_1_1__f_clk/X (sky130_fd_sc_hd__clkbuf_16)
                                                         clknet_1_1__leaf_clk (net)
                      0.041293    0.000179   25.314562 ^ _069_/CLK (sky130_fd_sc_hd__dfrtp_1)
                                 -0.250000   25.064562   clock uncertainty
                                  0.000000   25.064562   clock reconvergence pessimism
                                 -0.114166   24.950396   library setup time
                                             24.950396   data required time
---------------------------------------------------------------------------------------------
                                             24.950396   data required time
                                             -1.934903   data arrival time
---------------------------------------------------------------------------------------------
                                             23.015491   slack (MET)


Startpoint: _070_ (rising edge-triggered flip-flop clocked by clk)
Endpoint: _072_ (rising edge-triggered flip-flop clocked by clk)
Path Group: clk
Path Type: max

Fanout         Cap        Slew       Delay        Time   Description
---------------------------------------------------------------------------------------------
                                  0.000000    0.000000   clock clk (rise edge)
                                  0.000000    0.000000   clock source latency
     1    0.015870    0.077338    0.052998    0.052998 ^ clk (in)
                                                         clk (net)
                      0.077353    0.000000    0.052998 ^ clkbuf_0_clk/A (sky130_fd_sc_hd__clkbuf_16)
     2    0.020156    0.042006    0.137412    0.190410 ^ clkbuf_0_clk/X (sky130_fd_sc_hd__clkbuf_16)
                                                         clknet_0_clk (net)
                      0.042006    0.000206    0.190616 ^ clkbuf_1_0__f_clk/A (sky130_fd_sc_hd__clkbuf_16)
     6    0.016776    0.039102    0.121279    0.311895 ^ clkbuf_1_0__f_clk/X (sky130_fd_sc_hd__clkbuf_16)
                                                         clknet_1_0__leaf_clk (net)
                      0.039102    0.000107    0.312003 ^ _070_/CLK (sky130_fd_sc_hd__dfrtp_1)
     6    0.017942    0.105539    0.421645    0.733648 v _070_/Q (sky130_fd_sc_hd__dfrtp_1)
                                                         top_inst.src1.count_q[4] (net)
                      0.105539    0.000210    0.733858 v _036_/B (sky130_fd_sc_hd__or4_1)
     2    0.005476    0.099766    0.539156    1.273014 v _036_/X (sky130_fd_sc_hd__or4_1)
                                                         _014_ (net)
                      0.099766    0.000064    1.273078 v _041_/A3 (sky130_fd_sc_hd__o41a_2)
     7    0.022591    0.114545    0.521902    1.794980 v _041_/X (sky130_fd_sc_hd__o41a_2)
                                                         _017_ (net)
                      0.114547    0.000745    1.795725 v _061_/C1 (sky130_fd_sc_hd__o211a_1)
     1    0.002455    0.036658    0.132418    1.928143 v _061_/X (sky130_fd_sc_hd__o211a_1)
                                                         _008_ (net)
                      0.036658    0.000022    1.928165 v _072_/D (sky130_fd_sc_hd__dfrtp_1)
                                              1.928165   data arrival time

                                 25.000000   25.000000   clock clk (rise edge)
                                  0.000000   25.000000   clock source latency
     1    0.015870    0.077338    0.052998   25.052998 ^ clk (in)
                                                         clk (net)
                      0.077353    0.000000   25.052998 ^ clkbuf_0_clk/A (sky130_fd_sc_hd__clkbuf_16)
     2    0.020156    0.042006    0.137414   25.190411 ^ clkbuf_0_clk/X (sky130_fd_sc_hd__clkbuf_16)
                                                         clknet_0_clk (net)
                      0.042006    0.000204   25.190615 ^ clkbuf_1_0__f_clk/A (sky130_fd_sc_hd__clkbuf_16)
     6    0.016776    0.039102    0.121279   25.311893 ^ clkbuf_1_0__f_clk/X (sky130_fd_sc_hd__clkbuf_16)
                                                         clknet_1_0__leaf_clk (net)
                      0.039102    0.000103   25.311996 ^ _072_/CLK (sky130_fd_sc_hd__dfrtp_1)
                                 -0.250000   25.061998   clock uncertainty
                                  0.000000   25.061998   clock reconvergence pessimism
                                 -0.111982   24.950016   library setup time
                                             24.950016   data required time
---------------------------------------------------------------------------------------------
                                             24.950016   data required time
                                             -1.928165   data arrival time
---------------------------------------------------------------------------------------------
                                             23.021852   slack (MET)



