Clock: clk
Sources: clk 
Generated: no
Virtual: yes
Propagated: no
Period: 25.000000

===========================================================================
report_clock_properties
============================================================================
Clock                   Period          Waveform
----------------------------------------------------
clk                  25.000000    0.000000 12.500000

===========================================================================
report_clock_latency
============================================================================
Clock clk
rise -> rise
    min     max
0.000000 0.000000 source latency
0.218743         network latency _071_/CLK
        0.221337 network latency _073_/CLK
---------------
0.218743 0.221337 latency
        0.002594 skew

fall -> fall
    min     max
0.000000 0.000000 source latency
0.208109         network latency _071_/CLK
        0.210431 network latency _073_/CLK
---------------
0.208109 0.210431 latency
        0.002322 skew



===========================================================================
report_clock_min_period
============================================================================
clk period_min = 1.77 fmax = 565.17
