Clock: clk
Sources: clk 
Generated: no
Virtual: yes
Propagated: no
Period: 25.000000

===========================================================================
report_clock_properties
============================================================================
Clock                   Period          Waveform
----------------------------------------------------
clk                  25.000000    0.000000 12.500000

===========================================================================
report_clock_latency
============================================================================
Clock clk
rise -> rise
    min     max
0.000000 0.000000 source latency
0.223532         network latency _071_/CLK
        0.226825 network latency _073_/CLK
---------------
0.223532 0.226825 latency
        0.003293 skew

fall -> fall
    min     max
0.000000 0.000000 source latency
0.211418         network latency _071_/CLK
        0.214375 network latency _073_/CLK
---------------
0.211418 0.214375 latency
        0.002957 skew



===========================================================================
report_clock_min_period
============================================================================
clk period_min = 1.78 fmax = 563.38
