Clock: clk
Sources: clk 
Generated: no
Virtual: yes
Propagated: no
Period: 25.000000

===========================================================================
report_clock_properties
============================================================================
Clock                   Period          Waveform
----------------------------------------------------
clk                  25.000000    0.000000 12.500000

===========================================================================
report_clock_latency
============================================================================
Clock clk
rise -> rise
    min     max
0.000000 0.000000 source latency
0.215204         network latency _071_/CLK
        0.217410 network latency _073_/CLK
---------------
0.215204 0.217410 latency
        0.002206 skew

fall -> fall
    min     max
0.000000 0.000000 source latency
0.205661         network latency _071_/CLK
        0.207632 network latency _073_/CLK
---------------
0.205661 0.207632 latency
        0.001971 skew



===========================================================================
report_clock_min_period
============================================================================
clk period_min = 1.76 fmax = 567.18
